<?xml version="1.0" encoding="UTF-8"?>
<!-- Generated by org.testng.reporters.JUnitXMLReporter -->
<testsuite hostname="Itexicos-MacBook-Pro.local" ignored="2" name="Test" tests="2" failures="0" timestamp="07 Aug 2019 16:16:10 GMT" time="17.835" errors="0">
  <testcase name="RunwithData" time="15.141" classname="com.RegressionTest.NewTest"/>
  <testcase name="RunwithData" time="2.664" classname="com.RegressionTest.NewTest"/>
  <testcase name="userLogin" time="0.0" classname="com.RegressionTest.NewTest">
    <ignored/>
  </testcase> <!-- userLogin -->
  <testcase name="Homepage_Links" time="0.0" classname="com.RegressionTest.NewTest">
    <ignored/>
  </testcase> <!-- Homepage_Links -->
</testsuite> <!-- Test -->
