<?xml version="1.0" encoding="UTF-8"?>
<!-- Generated by org.testng.reporters.JUnitXMLReporter -->
<testsuite hostname="Itexicos-MacBook-Pro.local" ignored="1" name="test2" tests="2" failures="0" timestamp="07 Aug 2019 16:53:57 GMT" time="35.607" errors="0">
  <testcase name="Homepage_Links" time="0.405" classname="com.RegressionTest.NewTest"/>
  <testcase name="userLogin" time="0.18" classname="com.RegressionTest.NewTest"/>
  <testcase name="RunwithData" time="0.0" classname="com.RegressionTest.NewTest">
    <ignored/>
  </testcase> <!-- RunwithData -->
</testsuite> <!-- test2 -->
