<?xml version="1.0" encoding="UTF-8"?>
<testng-results skipped="0" failed="0" ignored="0" total="1" passed="1">
  <reporter-output>
  </reporter-output>
  <suite name="Default suite" duration-ms="24945" started-at="2019-08-06T20:02:32Z" finished-at="2019-08-06T20:02:57Z">
    <groups>
    </groups>
    <test name="Default test" duration-ms="24945" started-at="2019-08-06T20:02:32Z" finished-at="2019-08-06T20:02:57Z">
      <class name="com.RegressionTest.NewTest">
        <test-method status="PASS" signature="beforeClass()[pri:0, instance:com.RegressionTest.NewTest@e056f20]" name="beforeClass" is-config="true" duration-ms="3629" started-at="2019-08-06T20:02:32Z" finished-at="2019-08-06T20:02:36Z">
          <reporter-output>
          </reporter-output>
        </test-method> <!-- beforeClass -->
        <test-method status="PASS" signature="userLogin()[pri:0, instance:com.RegressionTest.NewTest@e056f20]" name="userLogin" duration-ms="21198" started-at="2019-08-06T20:02:36Z" finished-at="2019-08-06T20:02:57Z">
          <reporter-output>
          </reporter-output>
        </test-method> <!-- userLogin -->
        <test-method status="PASS" signature="afterClass()[pri:0, instance:com.RegressionTest.NewTest@e056f20]" name="afterClass" is-config="true" duration-ms="97" started-at="2019-08-06T20:02:57Z" finished-at="2019-08-06T20:02:57Z">
          <reporter-output>
          </reporter-output>
        </test-method> <!-- afterClass -->
      </class> <!-- com.RegressionTest.NewTest -->
    </test> <!-- Default test -->
  </suite> <!-- Default suite -->
</testng-results>
