<?xml version="1.0" encoding="UTF-8"?>
<testng-results skipped="0" failed="0" ignored="0" total="3" passed="3">
  <reporter-output>
  </reporter-output>
  <suite name="Default suite" duration-ms="108933" started-at="2019-08-20T16:53:55Z" finished-at="2019-08-20T16:55:44Z">
    <groups>
      <group name="SmokeTest">
        <method signature="NewTest.RunwithData()[pri:1, instance:com.RegressionTest.NewTest@6e20b53a]" name="RunwithData" class="com.RegressionTest.NewTest"/>
      </group> <!-- SmokeTest -->
      <group name="Regression">
        <method signature="NewTest.Homepage_Links()[pri:2, instance:com.RegressionTest.NewTest@6e20b53a]" name="Homepage_Links" class="com.RegressionTest.NewTest"/>
        <method signature="NewTest.userLogin()[pri:2, instance:com.RegressionTest.NewTest@6e20b53a]" name="userLogin" class="com.RegressionTest.NewTest"/>
      </group> <!-- Regression -->
    </groups>
    <test name="Default test" duration-ms="108933" started-at="2019-08-20T16:53:55Z" finished-at="2019-08-20T16:55:44Z">
      <class name="com.RegressionTest.NewTest">
        <test-method status="PASS" signature="beforeSuite()[pri:0, instance:com.RegressionTest.NewTest@6e20b53a]" name="beforeSuite" is-config="true" duration-ms="67434" started-at="2019-08-20T16:53:55Z" finished-at="2019-08-20T16:55:02Z">
          <reporter-output>
          </reporter-output>
        </test-method> <!-- beforeSuite -->
        <test-method status="PASS" signature="beforeSuite2()[pri:0, instance:com.RegressionTest.NewTest@6e20b53a]" name="beforeSuite2" is-config="true" duration-ms="37071" started-at="2019-08-20T16:55:02Z" finished-at="2019-08-20T16:55:39Z">
          <reporter-output>
          </reporter-output>
        </test-method> <!-- beforeSuite2 -->
        <test-method status="PASS" signature="RunwithData()[pri:1, instance:com.RegressionTest.NewTest@6e20b53a]" name="RunwithData" duration-ms="31" started-at="2019-08-20T16:55:39Z" description="this is a Test to login into the application" finished-at="2019-08-20T16:55:39Z">
          <reporter-output>
          </reporter-output>
        </test-method> <!-- RunwithData -->
        <test-method status="PASS" signature="Homepage_Links()[pri:2, instance:com.RegressionTest.NewTest@6e20b53a]" name="Homepage_Links" duration-ms="884" started-at="2019-08-20T16:55:39Z" description="this is a Test to login into the application" finished-at="2019-08-20T16:55:40Z">
          <reporter-output>
          </reporter-output>
        </test-method> <!-- Homepage_Links -->
        <test-method status="PASS" signature="userLogin()[pri:2, instance:com.RegressionTest.NewTest@6e20b53a]" name="userLogin" duration-ms="404" started-at="2019-08-20T16:55:40Z" description="this is a Test to login into the application" finished-at="2019-08-20T16:55:41Z">
          <reporter-output>
          </reporter-output>
        </test-method> <!-- userLogin -->
        <test-method status="PASS" signature="afterSuite()[pri:0, instance:com.RegressionTest.NewTest@6e20b53a]" name="afterSuite" is-config="true" duration-ms="109" started-at="2019-08-20T16:55:41Z" finished-at="2019-08-20T16:55:41Z">
          <reporter-output>
          </reporter-output>
        </test-method> <!-- afterSuite -->
        <test-method status="PASS" signature="afterSuite2()[pri:0, instance:com.RegressionTest.NewTest@6e20b53a]" name="afterSuite2" is-config="true" duration-ms="2834" started-at="2019-08-20T16:55:41Z" finished-at="2019-08-20T16:55:44Z">
          <reporter-output>
          </reporter-output>
        </test-method> <!-- afterSuite2 -->
      </class> <!-- com.RegressionTest.NewTest -->
    </test> <!-- Default test -->
  </suite> <!-- Default suite -->
</testng-results>
